<?xml version="1.0" encoding="UTF-8"?>
<!-- Generated by org.testng.reporters.JUnitXMLReporter -->
<testsuite hostname="RSULL-3788L-BRM" name="Driver Test" tests="205" failures="0" timestamp="2 Dec 2016 22:08:50 GMT" time="7.511" errors="0">
  <testcase name="AssertContainsTestValid" time="0.011" classname="raysullivan.unitTest.TestAutomationDriverOperationAssert"/>
  <testcase name="AssertContainsTestValid" time="0.001" classname="raysullivan.unitTest.TestAutomationDriverOperationAssert"/>
  <testcase name="AssertEqualTestInvalid" time="0.001" classname="raysullivan.unitTest.TestAutomationDriverOperationAssert"/>
  <testcase name="AssertEqualTestInvalid" time="0.001" classname="raysullivan.unitTest.TestAutomationDriverOperationAssert"/>
  <testcase name="AssertEqualTestInvalid" time="0.001" classname="raysullivan.unitTest.TestAutomationDriverOperationAssert"/>
  <testcase name="AssertEqualTestInvalid" time="0.001" classname="raysullivan.unitTest.TestAutomationDriverOperationAssert"/>
  <testcase name="AssertEqualTestInvalid" time="0.0" classname="raysullivan.unitTest.TestAutomationDriverOperationAssert"/>
  <testcase name="AssertEqualTestInvalid" time="0.001" classname="raysullivan.unitTest.TestAutomationDriverOperationAssert"/>
  <testcase name="AssertEqualTestInvalid" time="0.0" classname="raysullivan.unitTest.TestAutomationDriverOperationAssert"/>
  <testcase name="AssertEqualTestInvalid" time="0.065" classname="raysullivan.unitTest.TestAutomationDriverOperationAssert"/>
  <testcase name="AssertEqualTestInvalid" time="0.001" classname="raysullivan.unitTest.TestAutomationDriverOperationAssert"/>
  <testcase name="AssertEqualTestInvalid" time="0.0" classname="raysullivan.unitTest.TestAutomationDriverOperationAssert"/>
  <testcase name="AssertEqualTestInvalid" time="0.009" classname="raysullivan.unitTest.TestAutomationDriverOperationAssert"/>
  <testcase name="AssertEqualTestInvalid" time="0.002" classname="raysullivan.unitTest.TestAutomationDriverOperationAssert"/>
  <testcase name="AssertEqualTestInvalid" time="0.02" classname="raysullivan.unitTest.TestAutomationDriverOperationAssert"/>
  <testcase name="AssertEqualTestInvalid" time="0.001" classname="raysullivan.unitTest.TestAutomationDriverOperationAssert"/>
  <testcase name="AssertEqualTestInvalid" time="0.017" classname="raysullivan.unitTest.TestAutomationDriverOperationAssert"/>
  <testcase name="AssertEqualTestInvalid" time="0.001" classname="raysullivan.unitTest.TestAutomationDriverOperationAssert"/>
  <testcase name="AssertEqualTestValid" time="0.001" classname="raysullivan.unitTest.TestAutomationDriverOperationAssert"/>
  <testcase name="AssertEqualTestValid" time="0.0" classname="raysullivan.unitTest.TestAutomationDriverOperationAssert"/>
  <testcase name="AssertNotContainsTestInvalid" time="0.0" classname="raysullivan.unitTest.TestAutomationDriverOperationAssert"/>
  <testcase name="AssertNotContainsTestInvalid" time="0.007" classname="raysullivan.unitTest.TestAutomationDriverOperationAssert"/>
  <testcase name="AssertNotContainsTestInvalid" time="0.002" classname="raysullivan.unitTest.TestAutomationDriverOperationAssert"/>
  <testcase name="AssertNotContainsTestInvalid" time="0.01" classname="raysullivan.unitTest.TestAutomationDriverOperationAssert"/>
  <testcase name="AssertNotContainsTestInvalid" time="0.003" classname="raysullivan.unitTest.TestAutomationDriverOperationAssert"/>
  <testcase name="AssertNotContainsTestInvalid" time="0.008" classname="raysullivan.unitTest.TestAutomationDriverOperationAssert"/>
  <testcase name="AssertNotContainsTestInvalid" time="0.001" classname="raysullivan.unitTest.TestAutomationDriverOperationAssert"/>
  <testcase name="AssertNotContainsTestInvalid" time="0.005" classname="raysullivan.unitTest.TestAutomationDriverOperationAssert"/>
  <testcase name="AssertNotContainsTestInvalid" time="0.0" classname="raysullivan.unitTest.TestAutomationDriverOperationAssert"/>
  <testcase name="AssertNotContainsTestInvalid" time="0.005" classname="raysullivan.unitTest.TestAutomationDriverOperationAssert"/>
  <testcase name="AssertNotContainsTestInvalid" time="0.0" classname="raysullivan.unitTest.TestAutomationDriverOperationAssert"/>
  <testcase name="AssertNotContainsTestInvalid" time="0.001" classname="raysullivan.unitTest.TestAutomationDriverOperationAssert"/>
  <testcase name="AssertNotContainsTestInvalid" time="0.01" classname="raysullivan.unitTest.TestAutomationDriverOperationAssert"/>
  <testcase name="AssertNotContainsTestInvalid" time="0.0" classname="raysullivan.unitTest.TestAutomationDriverOperationAssert"/>
  <testcase name="AssertNotContainsTestInvalid" time="0.001" classname="raysullivan.unitTest.TestAutomationDriverOperationAssert"/>
  <testcase name="AssertNotContainsTestInvalid" time="0.02" classname="raysullivan.unitTest.TestAutomationDriverOperationAssert"/>
  <testcase name="AssertNotEqualTestValid" time="0.0" classname="raysullivan.unitTest.TestAutomationDriverOperationAssert"/>
  <testcase name="AssertNotEqualTestValid" time="0.003" classname="raysullivan.unitTest.TestAutomationDriverOperationAssert"/>
  <testcase name="AssertNotEqualsTestInvalid" time="0.001" classname="raysullivan.unitTest.TestAutomationDriverOperationAssert"/>
  <testcase name="AssertNotEqualsTestInvalid" time="0.001" classname="raysullivan.unitTest.TestAutomationDriverOperationAssert"/>
  <testcase name="AssertNotEqualsTestInvalid" time="0.0" classname="raysullivan.unitTest.TestAutomationDriverOperationAssert"/>
  <testcase name="AssertNotEqualsTestInvalid" time="0.007" classname="raysullivan.unitTest.TestAutomationDriverOperationAssert"/>
  <testcase name="AssertNotEqualsTestInvalid" time="0.002" classname="raysullivan.unitTest.TestAutomationDriverOperationAssert"/>
  <testcase name="AssertNotEqualsTestInvalid" time="0.016" classname="raysullivan.unitTest.TestAutomationDriverOperationAssert"/>
  <testcase name="AssertNotEqualsTestInvalid" time="0.001" classname="raysullivan.unitTest.TestAutomationDriverOperationAssert"/>
  <testcase name="AssertNotEqualsTestInvalid" time="0.0" classname="raysullivan.unitTest.TestAutomationDriverOperationAssert"/>
  <testcase name="AssertNotEqualsTestInvalid" time="0.0" classname="raysullivan.unitTest.TestAutomationDriverOperationAssert"/>
  <testcase name="AssertNotEqualsTestInvalid" time="0.009" classname="raysullivan.unitTest.TestAutomationDriverOperationAssert"/>
  <testcase name="AssertNotEqualsTestInvalid" time="0.0" classname="raysullivan.unitTest.TestAutomationDriverOperationAssert"/>
  <testcase name="AssertNotEqualsTestInvalid" time="0.001" classname="raysullivan.unitTest.TestAutomationDriverOperationAssert"/>
  <testcase name="AssertNotEqualsTestInvalid" time="0.003" classname="raysullivan.unitTest.TestAutomationDriverOperationAssert"/>
  <testcase name="AssertNotEqualsTestInvalid" time="0.0" classname="raysullivan.unitTest.TestAutomationDriverOperationAssert"/>
  <testcase name="AssertNotEqualsTestInvalid" time="0.003" classname="raysullivan.unitTest.TestAutomationDriverOperationAssert"/>
  <testcase name="AssertNotEqualsTestInvalid" time="0.001" classname="raysullivan.unitTest.TestAutomationDriverOperationAssert"/>
  <testcase name="getAverage" time="0.002" classname="raysullivan.unitTest.TestAutomationDriverUtilTest"/>
  <testcase name="getAverage" time="0.001" classname="raysullivan.unitTest.TestAutomationDriverUtilTest"/>
  <testcase name="getAverage" time="0.002" classname="raysullivan.unitTest.TestAutomationDriverUtilTest"/>
  <testcase name="getAverage" time="0.001" classname="raysullivan.unitTest.TestAutomationDriverUtilTest"/>
  <testcase name="getAverage" time="0.001" classname="raysullivan.unitTest.TestAutomationDriverUtilTest"/>
  <testcase name="getAverage" time="0.0" classname="raysullivan.unitTest.TestAutomationDriverUtilTest"/>
  <testcase name="getAverage" time="0.0" classname="raysullivan.unitTest.TestAutomationDriverUtilTest"/>
  <testcase name="getAverage" time="0.001" classname="raysullivan.unitTest.TestAutomationDriverUtilTest"/>
  <testcase name="getAverage" time="0.001" classname="raysullivan.unitTest.TestAutomationDriverUtilTest"/>
  <testcase name="getElapsedTime" time="0.0" classname="raysullivan.unitTest.TestAutomationDriverUtilTest"/>
  <testcase name="getElapsedTime" time="0.0" classname="raysullivan.unitTest.TestAutomationDriverUtilTest"/>
  <testcase name="getElapsedTime" time="0.0" classname="raysullivan.unitTest.TestAutomationDriverUtilTest"/>
  <testcase name="getElapsedTime" time="0.0" classname="raysullivan.unitTest.TestAutomationDriverUtilTest"/>
  <testcase name="getElapsedTime" time="0.0" classname="raysullivan.unitTest.TestAutomationDriverUtilTest"/>
  <testcase name="getElapsedTime" time="0.0" classname="raysullivan.unitTest.TestAutomationDriverUtilTest"/>
  <testcase name="getElapsedTime" time="0.0" classname="raysullivan.unitTest.TestAutomationDriverUtilTest"/>
  <testcase name="getElapsedTime" time="0.0" classname="raysullivan.unitTest.TestAutomationDriverUtilTest"/>
  <testcase name="getElapsedTime" time="0.001" classname="raysullivan.unitTest.TestAutomationDriverUtilTest"/>
  <testcase name="getElapsedTime" time="0.001" classname="raysullivan.unitTest.TestAutomationDriverUtilTest"/>
  <testcase name="getElapsedTime" time="0.001" classname="raysullivan.unitTest.TestAutomationDriverUtilTest"/>
  <testcase name="getError" time="0.0" classname="raysullivan.unitTest.TestAutomationDriverUtilTest"/>
  <testcase name="getSuccess" time="0.0" classname="raysullivan.unitTest.TestAutomationDriverUtilTest"/>
  <testcase name="getTestProfile" time="0.002" classname="raysullivan.unitTest.TestAutomationDriverUtilTest"/>
  <testcase name="getTestTimeout" time="0.001" classname="raysullivan.unitTest.TestAutomationDriverUtilTest"/>
  <testcase name="getTestcase" time="0.0" classname="raysullivan.unitTest.TestAutomationDriverUtilTest"/>
  <testcase name="valueCellFormatTest" time="0.0" classname="raysullivan.unitTest.TestAutomationDriverUtilTest"/>
  <testcase name="valueCellFormatTest" time="0.0" classname="raysullivan.unitTest.TestAutomationDriverUtilTest"/>
  <testcase name="valueCellFormatTest" time="0.011" classname="raysullivan.unitTest.TestAutomationDriverUtilTest"/>
  <testcase name="valueCellFormatTest" time="0.001" classname="raysullivan.unitTest.TestAutomationDriverUtilTest"/>
  <testcase name="valueCellFormatTest" time="0.001" classname="raysullivan.unitTest.TestAutomationDriverUtilTest"/>
  <testcase name="valueCellFormatTest" time="0.0" classname="raysullivan.unitTest.TestAutomationDriverUtilTest"/>
  <testcase name="valueCellFormatTest" time="0.0" classname="raysullivan.unitTest.TestAutomationDriverUtilTest"/>
  <testcase name="valueCellFormatTest" time="0.001" classname="raysullivan.unitTest.TestAutomationDriverUtilTest"/>
  <testcase name="valueCellFormatTest" time="0.001" classname="raysullivan.unitTest.TestAutomationDriverUtilTest"/>
  <testcase name="valueCellFormatTest" time="0.01" classname="raysullivan.unitTest.TestAutomationDriverUtilTest"/>
  <testcase name="valueCellFormatTest" time="0.0" classname="raysullivan.unitTest.TestAutomationDriverUtilTest"/>
  <testcase name="valueCellFormatTest" time="0.0" classname="raysullivan.unitTest.TestAutomationDriverUtilTest"/>
  <testcase name="valueCellFormatTest" time="0.0" classname="raysullivan.unitTest.TestAutomationDriverUtilTest"/>
  <testcase name="valueCellFormatTest" time="0.0" classname="raysullivan.unitTest.TestAutomationDriverUtilTest"/>
  <testcase name="valueCellFormatTest" time="0.451" classname="raysullivan.unitTest.TestAutomationDriverUtilTest"/>
  <testcase name="createVariable" time="0.001" classname="raysullivan.unitTest.TestDriverVariable"/>
  <testcase name="createVariable" time="0.0" classname="raysullivan.unitTest.TestDriverVariable"/>
  <testcase name="createVariable" time="0.001" classname="raysullivan.unitTest.TestDriverVariable"/>
  <testcase name="createVariable" time="0.0" classname="raysullivan.unitTest.TestDriverVariable"/>
  <testcase name="createVariable" time="0.0" classname="raysullivan.unitTest.TestDriverVariable"/>
  <testcase name="createVariable" time="0.0" classname="raysullivan.unitTest.TestDriverVariable"/>
  <testcase name="createVariable" time="0.0" classname="raysullivan.unitTest.TestDriverVariable"/>
  <testcase name="createVariable" time="0.0" classname="raysullivan.unitTest.TestDriverVariable"/>
  <testcase name="createVariable" time="0.0" classname="raysullivan.unitTest.TestDriverVariable"/>
  <testcase name="createVariable" time="0.001" classname="raysullivan.unitTest.TestDriverVariable"/>
  <testcase name="createVariable" time="0.0" classname="raysullivan.unitTest.TestDriverVariable"/>
  <testcase name="createVariableInvalid" time="0.001" classname="raysullivan.unitTest.TestDriverVariable"/>
  <testcase name="createVariableInvalid" time="0.0" classname="raysullivan.unitTest.TestDriverVariable"/>
  <testcase name="createVariableInvalid" time="0.0" classname="raysullivan.unitTest.TestDriverVariable"/>
  <testcase name="test1" time="0.0" classname="raysullivan.unitTest.TestDriverVariable"/>
  <testcase name="test2" time="0.0" classname="raysullivan.unitTest.TestDriverVariable"/>
  <testcase name="test3" time="0.0" classname="raysullivan.unitTest.TestDriverVariable"/>
  <testcase name="test4" time="0.001" classname="raysullivan.unitTest.TestDriverVariable"/>
  <testcase name="test5" time="0.0" classname="raysullivan.unitTest.TestDriverVariable"/>
  <testcase name="test6" time="0.0" classname="raysullivan.unitTest.TestDriverVariable"/>
  <testcase name="test7" time="0.001" classname="raysullivan.unitTest.TestDriverVariable"/>
  <testcase name="test8" time="0.001" classname="raysullivan.unitTest.TestDriverVariable"/>
  <testcase name="decryptAESString" time="0.0" classname="raysullivan.unitTest.TestGenerateEncryptedString"/>
  <testcase name="decryptAESString" time="0.001" classname="raysullivan.unitTest.TestGenerateEncryptedString"/>
  <testcase name="decryptAESString" time="0.02" classname="raysullivan.unitTest.TestGenerateEncryptedString"/>
  <testcase name="decryptAESString" time="0.001" classname="raysullivan.unitTest.TestGenerateEncryptedString"/>
  <testcase name="decryptAESString" time="0.001" classname="raysullivan.unitTest.TestGenerateEncryptedString"/>
  <testcase name="decryptAESString" time="0.001" classname="raysullivan.unitTest.TestGenerateEncryptedString"/>
  <testcase name="decryptAESString" time="0.001" classname="raysullivan.unitTest.TestGenerateEncryptedString"/>
  <testcase name="decryptAESString" time="0.001" classname="raysullivan.unitTest.TestGenerateEncryptedString"/>
  <testcase name="decryptAESString" time="0.001" classname="raysullivan.unitTest.TestGenerateEncryptedString"/>
  <testcase name="decryptBadAESString" time="0.002" classname="raysullivan.unitTest.TestGenerateEncryptedString"/>
  <testcase name="decryptBadAESString" time="0.001" classname="raysullivan.unitTest.TestGenerateEncryptedString"/>
  <testcase name="decryptBadAESString" time="0.0" classname="raysullivan.unitTest.TestGenerateEncryptedString"/>
  <testcase name="decryptBadAESString" time="0.0" classname="raysullivan.unitTest.TestGenerateEncryptedString"/>
  <testcase name="decryptBadAESString" time="0.0" classname="raysullivan.unitTest.TestGenerateEncryptedString"/>
  <testcase name="decryptBadAESString" time="0.0" classname="raysullivan.unitTest.TestGenerateEncryptedString"/>
  <testcase name="decryptBadAESString" time="0.0" classname="raysullivan.unitTest.TestGenerateEncryptedString"/>
  <testcase name="decryptBadAESString" time="0.0" classname="raysullivan.unitTest.TestGenerateEncryptedString"/>
  <testcase name="encryptAESString" time="0.0" classname="raysullivan.unitTest.TestGenerateEncryptedString"/>
  <testcase name="encryptAESString" time="0.001" classname="raysullivan.unitTest.TestGenerateEncryptedString"/>
  <testcase name="encryptAESString" time="0.001" classname="raysullivan.unitTest.TestGenerateEncryptedString"/>
  <testcase name="encryptAESString" time="0.001" classname="raysullivan.unitTest.TestGenerateEncryptedString"/>
  <testcase name="encryptAESString" time="0.001" classname="raysullivan.unitTest.TestGenerateEncryptedString"/>
  <testcase name="encryptAESString" time="0.001" classname="raysullivan.unitTest.TestGenerateEncryptedString"/>
  <testcase name="encryptAESString" time="0.001" classname="raysullivan.unitTest.TestGenerateEncryptedString"/>
  <testcase name="encryptAESString" time="0.001" classname="raysullivan.unitTest.TestGenerateEncryptedString"/>
  <testcase name="encryptBCryptString" time="0.38" classname="raysullivan.unitTest.TestGenerateEncryptedString"/>
  <testcase name="encryptBCryptString" time="0.318" classname="raysullivan.unitTest.TestGenerateEncryptedString"/>
  <testcase name="encryptBCryptString" time="0.312" classname="raysullivan.unitTest.TestGenerateEncryptedString"/>
  <testcase name="encryptBCryptString" time="0.315" classname="raysullivan.unitTest.TestGenerateEncryptedString"/>
  <testcase name="encryptBCryptString" time="0.317" classname="raysullivan.unitTest.TestGenerateEncryptedString"/>
  <testcase name="encryptBCryptString" time="0.315" classname="raysullivan.unitTest.TestGenerateEncryptedString"/>
  <testcase name="encryptBCryptString" time="0.314" classname="raysullivan.unitTest.TestGenerateEncryptedString"/>
  <testcase name="encryptBCryptString" time="0.323" classname="raysullivan.unitTest.TestGenerateEncryptedString"/>
  <testcase name="invalidDecryptAESString" time="0.001" classname="raysullivan.unitTest.TestGenerateEncryptedString"/>
  <testcase name="invalidDecryptAESString" time="0.001" classname="raysullivan.unitTest.TestGenerateEncryptedString"/>
  <testcase name="invalidDecryptAESString" time="0.001" classname="raysullivan.unitTest.TestGenerateEncryptedString"/>
  <testcase name="invalidDecryptAESString" time="0.21" classname="raysullivan.unitTest.TestGenerateEncryptedString"/>
  <testcase name="invalidDecryptAESString" time="0.001" classname="raysullivan.unitTest.TestGenerateEncryptedString"/>
  <testcase name="invalidDecryptAESString" time="0.001" classname="raysullivan.unitTest.TestGenerateEncryptedString"/>
  <testcase name="invalidEncryptAESString" time="0.001" classname="raysullivan.unitTest.TestGenerateEncryptedString"/>
  <testcase name="invalidEncryptAESString" time="0.001" classname="raysullivan.unitTest.TestGenerateEncryptedString"/>
  <testcase name="invalidEncryptAESString" time="0.001" classname="raysullivan.unitTest.TestGenerateEncryptedString"/>
  <testcase name="invalidEncryptAESString" time="0.001" classname="raysullivan.unitTest.TestGenerateEncryptedString"/>
  <testcase name="invalidEncryptAESString" time="0.001" classname="raysullivan.unitTest.TestGenerateEncryptedString"/>
  <testcase name="invalidencryptBCryptString" time="0.331" classname="raysullivan.unitTest.TestGenerateEncryptedString"/>
  <testcase name="invalidencryptBCryptString" time="0.315" classname="raysullivan.unitTest.TestGenerateEncryptedString"/>
  <testcase name="invalidencryptBCryptString" time="0.318" classname="raysullivan.unitTest.TestGenerateEncryptedString"/>
  <testcase name="invalidencryptBCryptString" time="0.315" classname="raysullivan.unitTest.TestGenerateEncryptedString"/>
  <testcase name="invalidencryptBCryptString" time="0.317" classname="raysullivan.unitTest.TestGenerateEncryptedString"/>
  <testcase name="invalidencryptBCryptString" time="0.316" classname="raysullivan.unitTest.TestGenerateEncryptedString"/>
  <testcase name="invalidencryptBCryptString" time="0.315" classname="raysullivan.unitTest.TestGenerateEncryptedString"/>
  <testcase name="invalidencryptBCryptString" time="0.315" classname="raysullivan.unitTest.TestGenerateEncryptedString"/>
  <testcase name="TestCreateVar" time="0.0" classname="raysullivan.unitTest.TestUIOperation"/>
  <testcase name="TestCreateVar" time="0.001" classname="raysullivan.unitTest.TestUIOperation"/>
  <testcase name="TestCreateVar" time="0.0" classname="raysullivan.unitTest.TestUIOperation"/>
  <testcase name="TestCreateVarInvalid" time="0.0" classname="raysullivan.unitTest.TestUIOperation"/>
  <testcase name="TestCreateVarInvalid" time="0.0" classname="raysullivan.unitTest.TestUIOperation"/>
  <testcase name="TestGetObject" time="0.033" classname="raysullivan.unitTest.TestUIOperation"/>
  <testcase name="TestGetObject" time="0.001" classname="raysullivan.unitTest.TestUIOperation"/>
  <testcase name="TestGetObject" time="0.001" classname="raysullivan.unitTest.TestUIOperation"/>
  <testcase name="TestGetObject" time="0.001" classname="raysullivan.unitTest.TestUIOperation"/>
  <testcase name="TestGetObject" time="0.001" classname="raysullivan.unitTest.TestUIOperation"/>
  <testcase name="TestGetObject" time="0.0" classname="raysullivan.unitTest.TestUIOperation"/>
  <testcase name="TestGetObject" time="0.0" classname="raysullivan.unitTest.TestUIOperation"/>
  <testcase name="TestGetObject" time="0.001" classname="raysullivan.unitTest.TestUIOperation"/>
  <testcase name="TestGetObjectInvalid" time="0.0" classname="raysullivan.unitTest.TestUIOperation"/>
  <testcase name="TestGetObjectInvalid" time="0.0" classname="raysullivan.unitTest.TestUIOperation"/>
  <testcase name="TestValidateAssertVariables" time="0.001" classname="raysullivan.unitTest.TestUIOperation"/>
  <testcase name="TestValidateAssertVariables" time="0.0" classname="raysullivan.unitTest.TestUIOperation"/>
  <testcase name="TestValidateAssertVariablesInvalid" time="0.0" classname="raysullivan.unitTest.TestUIOperation"/>
  <testcase name="TestValidateAssertVariablesInvalid" time="0.0" classname="raysullivan.unitTest.TestUIOperation"/>
  <testcase name="TestValidateAssertVariablesInvalid" time="0.001" classname="raysullivan.unitTest.TestUIOperation"/>
  <testcase name="TestValidateAssertVariablesInvalid" time="0.009" classname="raysullivan.unitTest.TestUIOperation"/>
  <testcase name="TestValidateAssertVariablesInvalid" time="0.001" classname="raysullivan.unitTest.TestUIOperation"/>
  <testcase name="TestValidateAssertVariablesInvalid" time="0.0" classname="raysullivan.unitTest.TestUIOperation"/>
  <testcase name="TestValidateAssertVariablesInvalid" time="0.012" classname="raysullivan.unitTest.TestUIOperation"/>
  <testcase name="TestValidateAssertVariablesInvalid" time="0.0" classname="raysullivan.unitTest.TestUIOperation"/>
  <testcase name="TestValidateAssertVariablesInvalid" time="0.014" classname="raysullivan.unitTest.TestUIOperation"/>
  <testcase name="TestValidateAssertVariablesInvalid" time="0.0" classname="raysullivan.unitTest.TestUIOperation"/>
  <testcase name="TestValidateAssertVariablesInvalid" time="0.001" classname="raysullivan.unitTest.TestUIOperation"/>
  <testcase name="TestValidateAssertVariablesInvalid" time="0.001" classname="raysullivan.unitTest.TestUIOperation"/>
  <testcase name="TestValidateAssertVariablesInvalid" time="0.0" classname="raysullivan.unitTest.TestUIOperation"/>
  <testcase name="TestValidateAssertVariablesInvalid" time="0.0" classname="raysullivan.unitTest.TestUIOperation"/>
  <testcase name="TestValidateVar" time="0.005" classname="raysullivan.unitTest.TestUIOperation"/>
  <testcase name="TestValidateVar" time="0.0" classname="raysullivan.unitTest.TestUIOperation"/>
  <testcase name="TestValidateVar" time="0.0" classname="raysullivan.unitTest.TestUIOperation"/>
  <testcase name="TestValidateVarInvalid" time="0.0" classname="raysullivan.unitTest.TestUIOperation"/>
  <testcase name="TestValidateVarInvalid" time="0.0" classname="raysullivan.unitTest.TestUIOperation"/>
  <testcase name="TestValidateVarInvalid" time="0.001" classname="raysullivan.unitTest.TestUIOperation"/>
</testsuite> <!-- Driver Test -->
