<?xml version="1.0" encoding="UTF-8"?>
<!-- Generated by org.testng.reporters.JUnitXMLReporter -->
<testsuite hostname="RSULL-3788L-BRM" name="Default test" tests="40" failures="0" timestamp="4 Jan 2017 23:03:32 GMT" time="0.694" errors="0">
  <testcase name="getAverage" time="0.021" classname="raysullivan.unitTest.TestAutomationDriverUtilTest"/>
  <testcase name="getAverage" time="0.003" classname="raysullivan.unitTest.TestAutomationDriverUtilTest"/>
  <testcase name="getAverage" time="0.005" classname="raysullivan.unitTest.TestAutomationDriverUtilTest"/>
  <testcase name="getAverage" time="0.002" classname="raysullivan.unitTest.TestAutomationDriverUtilTest"/>
  <testcase name="getAverage" time="0.001" classname="raysullivan.unitTest.TestAutomationDriverUtilTest"/>
  <testcase name="getAverage" time="0.003" classname="raysullivan.unitTest.TestAutomationDriverUtilTest"/>
  <testcase name="getAverage" time="0.001" classname="raysullivan.unitTest.TestAutomationDriverUtilTest"/>
  <testcase name="getAverage" time="0.001" classname="raysullivan.unitTest.TestAutomationDriverUtilTest"/>
  <testcase name="getAverage" time="0.001" classname="raysullivan.unitTest.TestAutomationDriverUtilTest"/>
  <testcase name="getElapsedTime" time="0.001" classname="raysullivan.unitTest.TestAutomationDriverUtilTest"/>
  <testcase name="getElapsedTime" time="0.001" classname="raysullivan.unitTest.TestAutomationDriverUtilTest"/>
  <testcase name="getElapsedTime" time="0.004" classname="raysullivan.unitTest.TestAutomationDriverUtilTest"/>
  <testcase name="getElapsedTime" time="0.001" classname="raysullivan.unitTest.TestAutomationDriverUtilTest"/>
  <testcase name="getElapsedTime" time="0.003" classname="raysullivan.unitTest.TestAutomationDriverUtilTest"/>
  <testcase name="getElapsedTime" time="0.001" classname="raysullivan.unitTest.TestAutomationDriverUtilTest"/>
  <testcase name="getElapsedTime" time="0.0" classname="raysullivan.unitTest.TestAutomationDriverUtilTest"/>
  <testcase name="getElapsedTime" time="0.001" classname="raysullivan.unitTest.TestAutomationDriverUtilTest"/>
  <testcase name="getElapsedTime" time="0.001" classname="raysullivan.unitTest.TestAutomationDriverUtilTest"/>
  <testcase name="getElapsedTime" time="0.0" classname="raysullivan.unitTest.TestAutomationDriverUtilTest"/>
  <testcase name="getElapsedTime" time="0.001" classname="raysullivan.unitTest.TestAutomationDriverUtilTest"/>
  <testcase name="getError" time="0.002" classname="raysullivan.unitTest.TestAutomationDriverUtilTest"/>
  <testcase name="getSuccess" time="0.0" classname="raysullivan.unitTest.TestAutomationDriverUtilTest"/>
  <testcase name="getTestProfile" time="0.002" classname="raysullivan.unitTest.TestAutomationDriverUtilTest"/>
  <testcase name="getTestTimeout" time="0.001" classname="raysullivan.unitTest.TestAutomationDriverUtilTest"/>
  <testcase name="getTestcase" time="0.001" classname="raysullivan.unitTest.TestAutomationDriverUtilTest"/>
  <testcase name="valueCellFormatTest" time="0.001" classname="raysullivan.unitTest.TestAutomationDriverUtilTest"/>
  <testcase name="valueCellFormatTest" time="0.001" classname="raysullivan.unitTest.TestAutomationDriverUtilTest"/>
  <testcase name="valueCellFormatTest" time="0.002" classname="raysullivan.unitTest.TestAutomationDriverUtilTest"/>
  <testcase name="valueCellFormatTest" time="0.001" classname="raysullivan.unitTest.TestAutomationDriverUtilTest"/>
  <testcase name="valueCellFormatTest" time="0.001" classname="raysullivan.unitTest.TestAutomationDriverUtilTest"/>
  <testcase name="valueCellFormatTest" time="0.032" classname="raysullivan.unitTest.TestAutomationDriverUtilTest"/>
  <testcase name="valueCellFormatTest" time="0.001" classname="raysullivan.unitTest.TestAutomationDriverUtilTest"/>
  <testcase name="valueCellFormatTest" time="0.002" classname="raysullivan.unitTest.TestAutomationDriverUtilTest"/>
  <testcase name="valueCellFormatTest" time="0.001" classname="raysullivan.unitTest.TestAutomationDriverUtilTest"/>
  <testcase name="valueCellFormatTest" time="0.001" classname="raysullivan.unitTest.TestAutomationDriverUtilTest"/>
  <testcase name="valueCellFormatTest" time="0.001" classname="raysullivan.unitTest.TestAutomationDriverUtilTest"/>
  <testcase name="valueCellFormatTest" time="0.011" classname="raysullivan.unitTest.TestAutomationDriverUtilTest"/>
  <testcase name="valueCellFormatTest" time="0.001" classname="raysullivan.unitTest.TestAutomationDriverUtilTest"/>
  <testcase name="valueCellFormatTest" time="0.001" classname="raysullivan.unitTest.TestAutomationDriverUtilTest"/>
  <testcase name="valueCellFormatTest" time="0.504" classname="raysullivan.unitTest.TestAutomationDriverUtilTest"/>
</testsuite> <!-- Default test -->
